<?xml version="1.0" encoding="UTF-8"?>
<testsuite xmlns:xsi="http://www.w3.org/2001/XMLSchema-instance" xsi:noNamespaceSchemaLocation="https://maven.apache.org/surefire/maven-surefire-plugin/xsd/surefire-test-report-3.0.xsd" version="3.0" name="com.calculator.CalculatorTest" time="0.296" tests="53" errors="0" skipped="0" failures="0">
  <properties>
    <property name="java.specification.version" value="22"/>
    <property name="sun.cpu.isalist" value="amd64"/>
    <property name="sun.jnu.encoding" value="Cp1251"/>
    <property name="java.class.path" value="C:\Users\Olga\VisualCode projects\Calculator-1\target\test-classes;C:\Users\Olga\VisualCode projects\Calculator-1\target\classes;C:\Users\Olga\.m2\repository\org\junit\jupiter\junit-jupiter\5.9.2\junit-jupiter-5.9.2.jar;C:\Users\Olga\.m2\repository\org\junit\jupiter\junit-jupiter-api\5.9.2\junit-jupiter-api-5.9.2.jar;C:\Users\Olga\.m2\repository\org\opentest4j\opentest4j\1.2.0\opentest4j-1.2.0.jar;C:\Users\Olga\.m2\repository\org\junit\platform\junit-platform-commons\1.9.2\junit-platform-commons-1.9.2.jar;C:\Users\Olga\.m2\repository\org\apiguardian\apiguardian-api\1.1.2\apiguardian-api-1.1.2.jar;C:\Users\Olga\.m2\repository\org\junit\jupiter\junit-jupiter-params\5.9.2\junit-jupiter-params-5.9.2.jar;C:\Users\Olga\.m2\repository\org\junit\jupiter\junit-jupiter-engine\5.9.2\junit-jupiter-engine-5.9.2.jar;C:\Users\Olga\.m2\repository\org\junit\platform\junit-platform-engine\1.9.2\junit-platform-engine-1.9.2.jar;"/>
    <property name="java.vm.vendor" value="Oracle Corporation"/>
    <property name="sun.arch.data.model" value="64"/>
    <property name="user.variant" value=""/>
    <property name="java.vendor.url" value="https://java.oracle.com/"/>
    <property name="user.timezone" value="Europe/Tallinn"/>
    <property name="user.country.format" value="EE"/>
    <property name="os.name" value="Windows 11"/>
    <property name="java.vm.specification.version" value="22"/>
    <property name="sun.java.launcher" value="SUN_STANDARD"/>
    <property name="user.country" value="US"/>
    <property name="sun.boot.library.path" value="C:\Program Files\OpenJDK\jdk-22.0.2\bin"/>
    <property name="sun.java.command" value="C:\Users\Olga\AppData\Local\Temp\surefire2998144413900383731\surefirebooter-20250912101049944_3.jar C:\Users\Olga\AppData\Local\Temp\surefire2998144413900383731 2025-09-12T10-10-49_312-jvmRun1 surefire-20250912101049944_1tmp surefire_0-20250912101049944_2tmp"/>
    <property name="jdk.debug" value="release"/>
    <property name="surefire.test.class.path" value="C:\Users\Olga\VisualCode projects\Calculator-1\target\test-classes;C:\Users\Olga\VisualCode projects\Calculator-1\target\classes;C:\Users\Olga\.m2\repository\org\junit\jupiter\junit-jupiter\5.9.2\junit-jupiter-5.9.2.jar;C:\Users\Olga\.m2\repository\org\junit\jupiter\junit-jupiter-api\5.9.2\junit-jupiter-api-5.9.2.jar;C:\Users\Olga\.m2\repository\org\opentest4j\opentest4j\1.2.0\opentest4j-1.2.0.jar;C:\Users\Olga\.m2\repository\org\junit\platform\junit-platform-commons\1.9.2\junit-platform-commons-1.9.2.jar;C:\Users\Olga\.m2\repository\org\apiguardian\apiguardian-api\1.1.2\apiguardian-api-1.1.2.jar;C:\Users\Olga\.m2\repository\org\junit\jupiter\junit-jupiter-params\5.9.2\junit-jupiter-params-5.9.2.jar;C:\Users\Olga\.m2\repository\org\junit\jupiter\junit-jupiter-engine\5.9.2\junit-jupiter-engine-5.9.2.jar;C:\Users\Olga\.m2\repository\org\junit\platform\junit-platform-engine\1.9.2\junit-platform-engine-1.9.2.jar;"/>
    <property name="sun.cpu.endian" value="little"/>
    <property name="user.home" value="C:\Users\Olga"/>
    <property name="user.language" value="en"/>
    <property name="java.specification.vendor" value="Oracle Corporation"/>
    <property name="java.version.date" value="2024-07-16"/>
    <property name="java.home" value="C:\Program Files\OpenJDK\jdk-22.0.2"/>
    <property name="file.separator" value="\"/>
    <property name="basedir" value="C:\Users\Olga\VisualCode projects\Calculator-1"/>
    <property name="java.vm.compressedOopsMode" value="Zero based"/>
    <property name="line.separator" value="&#10;"/>
    <property name="java.vm.specification.vendor" value="Oracle Corporation"/>
    <property name="java.specification.name" value="Java Platform API Specification"/>
    <property name="surefire.real.class.path" value="C:\Users\Olga\AppData\Local\Temp\surefire2998144413900383731\surefirebooter-20250912101049944_3.jar"/>
    <property name="user.script" value=""/>
    <property name="sun.management.compiler" value="HotSpot 64-Bit Tiered Compilers"/>
    <property name="java.runtime.version" value="22.0.2+9-70"/>
    <property name="user.name" value="Olga"/>
    <property name="stdout.encoding" value="Cp1251"/>
    <property name="path.separator" value=";"/>
    <property name="os.version" value="10.0"/>
    <property name="java.runtime.name" value="OpenJDK Runtime Environment"/>
    <property name="file.encoding" value="UTF-8"/>
    <property name="java.vm.name" value="OpenJDK 64-Bit Server VM"/>
    <property name="localRepository" value="C:\Users\Olga\.m2\repository"/>
    <property name="java.vendor.url.bug" value="https://bugreport.java.com/bugreport/"/>
    <property name="java.io.tmpdir" value="C:\Users\Olga\AppData\Local\Temp\"/>
    <property name="java.version" value="22.0.2"/>
    <property name="user.dir" value="C:\Users\Olga\VisualCode projects\Calculator-1"/>
    <property name="os.arch" value="amd64"/>
    <property name="java.vm.specification.name" value="Java Virtual Machine Specification"/>
    <property name="user.language.format" value="et"/>
    <property name="sun.os.patch.level" value=""/>
    <property name="native.encoding" value="Cp1251"/>
    <property name="java.library.path" value="C:\Program Files\OpenJDK\jdk-22.0.2\bin;C:\WINDOWS\Sun\Java\bin;C:\WINDOWS\system32;C:\WINDOWS;C:\Program Files\Microsoft MPI\Bin\;C:\WINDOWS\system32;C:\WINDOWS;C:\WINDOWS\System32\Wbem;C:\WINDOWS\System32\WindowsPowerShell\v1.0\;C:\WINDOWS\System32\OpenSSH\;C:\Program Files (x86)\IDEMIA\AWP\Dlls;C:\Program Files\IDEMIA\AWP\Dlls;C:\Program Files\dotnet\;C:\Program Files (x86)\dotnet\;C:\ProgramData\chocolatey\bin;C:\Program Files\7-Zip\;C:\Program Files\Git\cmd;C:\Program Files\nodejs\;C:\Program Files (x86)\Microsoft SQL Server\160\Tools\Binn\;C:\Program Files\Microsoft SQL Server\160\Tools\Binn\;C:\Program Files\Microsoft SQL Server\Client SDK\ODBC\170\Tools\Binn\;C:\Program Files\Microsoft SQL Server\160\DTS\Binn\;C:\Program Files (x86)\Microsoft SQL Server Migration Assistant for MySQL\bin\;C:\Program Files (x86)\Microsoft SQL Server\160\DTS\Binn\;C:\Program Files\Docker\Docker\resources\bin;C:\Program Files\Go\bin;C:\Users\Olga\AppData\Local\Microsoft\WindowsApps;C:\Users\Olga\AppData\Local\Programs\Microsoft VS Code\bin;C:\Program Files\PostgreSQL\17\bin\;C:\Program Files\MongoDB\Tools\100\bin\;C:\Program Files\MongoDB\Server\8.0\bin\;C:\Users\Olga\AppData\Roaming\npm;C:\Users\Olga\AppData\Local\Programs\mongosh\;C:\laragon\bin\redis\redis-x64-5.0.14.1;C:\laragon\bin\mysql\mysql-8.0.30-winx64;C:\laragon\bin\mysql\mysql-5.7.30\bin;C:\laragon\bin\mysql\mysql-8.0.30-winx64\bin;C:\Users\Olga\AppData\Local\Programs\cursor\resources\app\bin;C:\Users\Olga\.bun\bin;C:\Users\Olga\maven\apache-maven-3.9.6\bin;C:\Users\Olga\java\jdk-17.0.2\bin;C:\Program Files\JetBrains\IntelliJ IDEA 2025.1.2\bin;;C:\Users\Olga\go\bin;c:\Users\Olga\AppData\Roaming\Code\User\globalStorage\github.copilot-chat\debugCommand;."/>
    <property name="java.vm.info" value="mixed mode, sharing"/>
    <property name="stderr.encoding" value="Cp1251"/>
    <property name="java.vendor" value="Oracle Corporation"/>
    <property name="java.vm.version" value="22.0.2+9-70"/>
    <property name="sun.io.unicode.encoding" value="UnicodeLittle"/>
    <property name="java.class.version" value="66.0"/>
  </properties>
  <testcase name="testRoundNegativePlaces" classname="com.calculator.CalculatorTest" time="0.043"/>
  <testcase name="testAbsolute(double, double)[1]" classname="com.calculator.CalculatorTest" time="0.046"/>
  <testcase name="testAbsolute(double, double)[2]" classname="com.calculator.CalculatorTest" time="0.001"/>
  <testcase name="testAbsolute(double, double)[3]" classname="com.calculator.CalculatorTest" time="0.001"/>
  <testcase name="testAddWithNaN" classname="com.calculator.CalculatorTest" time="0.001"/>
  <testcase name="testPercentage(double, double, double)[1]" classname="com.calculator.CalculatorTest" time="0.007"/>
  <testcase name="testPercentage(double, double, double)[2]" classname="com.calculator.CalculatorTest" time="0.001"/>
  <testcase name="testPercentage(double, double, double)[3]" classname="com.calculator.CalculatorTest" time="0.001"/>
  <testcase name="testDivideByZero" classname="com.calculator.CalculatorTest" time="0.004"/>
  <testcase name="testAdd(double, double, double)[1]" classname="com.calculator.CalculatorTest" time="0.001"/>
  <testcase name="testAdd(double, double, double)[2]" classname="com.calculator.CalculatorTest" time="0.002"/>
  <testcase name="testAdd(double, double, double)[3]" classname="com.calculator.CalculatorTest" time="0"/>
  <testcase name="testAdd(double, double, double)[4]" classname="com.calculator.CalculatorTest" time="0.001"/>
  <testcase name="testFormatResult" classname="com.calculator.CalculatorTest" time="0.001"/>
  <testcase name="testSubtract(double, double, double)[1]" classname="com.calculator.CalculatorTest" time="0.001"/>
  <testcase name="testSubtract(double, double, double)[2]" classname="com.calculator.CalculatorTest" time="0.001"/>
  <testcase name="testSubtract(double, double, double)[3]" classname="com.calculator.CalculatorTest" time="0.001"/>
  <testcase name="testSquareRootNegative" classname="com.calculator.CalculatorTest" time="0.001"/>
  <testcase name="testPower(double, double, double)[1]" classname="com.calculator.CalculatorTest" time="0"/>
  <testcase name="testPower(double, double, double)[2]" classname="com.calculator.CalculatorTest" time="0.001"/>
  <testcase name="testPower(double, double, double)[3]" classname="com.calculator.CalculatorTest" time="0"/>
  <testcase name="testRound(double, int, double)[1]" classname="com.calculator.CalculatorTest" time="0.004"/>
  <testcase name="testRound(double, int, double)[2]" classname="com.calculator.CalculatorTest" time="0.001"/>
  <testcase name="testRound(double, int, double)[3]" classname="com.calculator.CalculatorTest" time="0.001"/>
  <testcase name="testToString" classname="com.calculator.CalculatorTest" time="0.003"/>
  <testcase name="testFactorial(int, long)[1]" classname="com.calculator.CalculatorTest" time="0.006"/>
  <testcase name="testFactorial(int, long)[2]" classname="com.calculator.CalculatorTest" time="0.001"/>
  <testcase name="testFactorial(int, long)[3]" classname="com.calculator.CalculatorTest" time="0.002"/>
  <testcase name="testFactorial(int, long)[4]" classname="com.calculator.CalculatorTest" time="0.001"/>
  <testcase name="testCalculationHistory" classname="com.calculator.CalculatorTest" time="0.002"/>
  <testcase name="testConstants" classname="com.calculator.CalculatorTest" time="0.001"/>
  <testcase name="testMemoryStoreNaN" classname="com.calculator.CalculatorTest" time="0.001"/>
  <testcase name="testMemoryOperations" classname="com.calculator.CalculatorTest" time="0.001"/>
  <testcase name="testIsIntegerFalse(double)[1]" classname="com.calculator.CalculatorTest" time="0.002"/>
  <testcase name="testIsIntegerFalse(double)[2]" classname="com.calculator.CalculatorTest" time="0"/>
  <testcase name="testIsIntegerFalse(double)[3]" classname="com.calculator.CalculatorTest" time="0.001"/>
  <testcase name="testIsIntegerTrue(double)[1]" classname="com.calculator.CalculatorTest" time="0"/>
  <testcase name="testIsIntegerTrue(double)[2]" classname="com.calculator.CalculatorTest" time="0.001"/>
  <testcase name="testIsIntegerTrue(double)[3]" classname="com.calculator.CalculatorTest" time="0.002"/>
  <testcase name="testIsIntegerTrue(double)[4]" classname="com.calculator.CalculatorTest" time="0.001"/>
  <testcase name="testDivide(double, double, double)[1]" classname="com.calculator.CalculatorTest" time="0.001"/>
  <testcase name="testDivide(double, double, double)[2]" classname="com.calculator.CalculatorTest" time="0"/>
  <testcase name="testDivide(double, double, double)[3]" classname="com.calculator.CalculatorTest" time="0.001"/>
  <testcase name="testMultiply(double, double, double)[1]" classname="com.calculator.CalculatorTest" time="0.002"/>
  <testcase name="testMultiply(double, double, double)[2]" classname="com.calculator.CalculatorTest" time="0"/>
  <testcase name="testMultiply(double, double, double)[3]" classname="com.calculator.CalculatorTest" time="0.001"/>
  <testcase name="testSquareRoot(double, double)[1]" classname="com.calculator.CalculatorTest" time="0.002"/>
  <testcase name="testSquareRoot(double, double)[2]" classname="com.calculator.CalculatorTest" time="0.001"/>
  <testcase name="testSquareRoot(double, double)[3]" classname="com.calculator.CalculatorTest" time="0.001"/>
  <testcase name="testSquareRoot(double, double)[4]" classname="com.calculator.CalculatorTest" time="0.001"/>
  <testcase name="testFactorialOverflow" classname="com.calculator.CalculatorTest" time="0.001"/>
  <testcase name="testFactorialNegative" classname="com.calculator.CalculatorTest" time="0"/>
  <testcase name="testClearHistory" classname="com.calculator.CalculatorTest" time="0.001"/>
</testsuite>